<?xml version="1.0" encoding="UTF-8"?>
<!-- Generated by org.testng.reporters.JUnitReportReporter -->
<testsuite hostname="Zentech-007" failures="0" tests="1" name="com.automation.tests.LoginTest" time="0.563" errors="0" timestamp="2025-05-02T14:37:57 IST" skipped="0">
  <testcase classname="com.automation.tests.LoginTest" name="testLogin" time="0.563"/>
</testsuite> <!-- com.automation.tests.LoginTest -->
